<?xml version="1.0" encoding="UTF-8"?>
<testsuite name="com.todolist.doit.DoitApplicationTests" tests="1" skipped="0" failures="0" errors="0" timestamp="2023-07-25T10:29:57" hostname="byeonjeong-wan-ui-MacBookPro.local" time="0.114">
  <properties/>
  <testcase name="contextLoads()" classname="com.todolist.doit.DoitApplicationTests" time="0.114"/>
  <system-out><![CDATA[19:29:51.565 [Test worker] DEBUG org.springframework.test.context.BootstrapUtils - Instantiating CacheAwareContextLoaderDelegate from class [org.springframework.test.context.cache.DefaultCacheAwareContextLoaderDelegate]
19:29:51.581 [Test worker] DEBUG org.springframework.test.context.BootstrapUtils - Instantiating BootstrapContext using constructor [public org.springframework.test.context.support.DefaultBootstrapContext(java.lang.Class,org.springframework.test.context.CacheAwareContextLoaderDelegate)]
19:29:51.632 [Test worker] DEBUG org.springframework.test.context.BootstrapUtils - Instantiating TestContextBootstrapper for test class [com.todolist.doit.DoitApplicationTests] from class [org.springframework.boot.test.context.SpringBootTestContextBootstrapper]
19:29:51.648 [Test worker] INFO org.springframework.boot.test.context.SpringBootTestContextBootstrapper - Neither @ContextConfiguration nor @ContextHierarchy found for test class [com.todolist.doit.DoitApplicationTests], using SpringBootContextLoader
19:29:51.653 [Test worker] DEBUG org.springframework.test.context.support.AbstractContextLoader - Did not detect default resource location for test class [com.todolist.doit.DoitApplicationTests]: class path resource [com/todolist/doit/DoitApplicationTests-context.xml] does not exist
19:29:51.653 [Test worker] DEBUG org.springframework.test.context.support.AbstractContextLoader - Did not detect default resource location for test class [com.todolist.doit.DoitApplicationTests]: class path resource [com/todolist/doit/DoitApplicationTestsContext.groovy] does not exist
19:29:51.654 [Test worker] INFO org.springframework.test.context.support.AbstractContextLoader - Could not detect default resource locations for test class [com.todolist.doit.DoitApplicationTests]: no resource found for suffixes {-context.xml, Context.groovy}.
19:29:51.654 [Test worker] INFO org.springframework.test.context.support.AnnotationConfigContextLoaderUtils - Could not detect default configuration classes for test class [com.todolist.doit.DoitApplicationTests]: DoitApplicationTests does not declare any static, non-private, non-final, nested classes annotated with @Configuration.
19:29:51.705 [Test worker] DEBUG org.springframework.test.context.support.ActiveProfilesUtils - Could not find an 'annotation declaring class' for annotation type [org.springframework.test.context.ActiveProfiles] and class [com.todolist.doit.DoitApplicationTests]
19:29:51.778 [Test worker] DEBUG org.springframework.context.annotation.ClassPathScanningCandidateComponentProvider - Identified candidate component class: file [/Users/byeonjeong-wan/Desktop/doit/build/classes/java/main/com/todolist/doit/DoitApplication.class]
19:29:51.779 [Test worker] INFO org.springframework.boot.test.context.SpringBootTestContextBootstrapper - Found @SpringBootConfiguration com.todolist.doit.DoitApplication for test class com.todolist.doit.DoitApplicationTests
19:29:51.902 [Test worker] DEBUG org.springframework.boot.test.context.SpringBootTestContextBootstrapper - @TestExecutionListeners is not present for class [com.todolist.doit.DoitApplicationTests]: using defaults.
19:29:51.902 [Test worker] INFO org.springframework.boot.test.context.SpringBootTestContextBootstrapper - Loaded default TestExecutionListener class names from location [META-INF/spring.factories]: [org.springframework.boot.test.autoconfigure.restdocs.RestDocsTestExecutionListener, org.springframework.boot.test.autoconfigure.web.client.MockRestServiceServerResetTestExecutionListener, org.springframework.boot.test.autoconfigure.web.servlet.MockMvcPrintOnlyOnFailureTestExecutionListener, org.springframework.boot.test.autoconfigure.web.servlet.WebDriverTestExecutionListener, org.springframework.boot.test.autoconfigure.webservices.client.MockWebServiceServerTestExecutionListener, org.springframework.boot.test.mock.mockito.MockitoTestExecutionListener, org.springframework.boot.test.mock.mockito.ResetMocksTestExecutionListener, org.springframework.test.context.web.ServletTestExecutionListener, org.springframework.test.context.support.DirtiesContextBeforeModesTestExecutionListener, org.springframework.test.context.event.ApplicationEventsTestExecutionListener, org.springframework.test.context.support.DependencyInjectionTestExecutionListener, org.springframework.test.context.support.DirtiesContextTestExecutionListener, org.springframework.test.context.transaction.TransactionalTestExecutionListener, org.springframework.test.context.jdbc.SqlScriptsTestExecutionListener, org.springframework.test.context.event.EventPublishingTestExecutionListener]
19:29:51.929 [Test worker] INFO org.springframework.boot.test.context.SpringBootTestContextBootstrapper - Using TestExecutionListeners: [org.springframework.test.context.web.ServletTestExecutionListener@3113a37, org.springframework.test.context.support.DirtiesContextBeforeModesTestExecutionListener@213e3629, org.springframework.test.context.event.ApplicationEventsTestExecutionListener@4e9658b5, org.springframework.boot.test.mock.mockito.MockitoTestExecutionListener@2a7b6f69, org.springframework.boot.test.autoconfigure.SpringBootDependencyInjectionTestExecutionListener@20312893, org.springframework.test.context.support.DirtiesContextTestExecutionListener@70eecdc2, org.springframework.test.context.transaction.TransactionalTestExecutionListener@c41709a, org.springframework.test.context.jdbc.SqlScriptsTestExecutionListener@7db0565c, org.springframework.test.context.event.EventPublishingTestExecutionListener@54ec8cc9, org.springframework.boot.test.autoconfigure.restdocs.RestDocsTestExecutionListener@52eacb4b, org.springframework.boot.test.autoconfigure.web.client.MockRestServiceServerResetTestExecutionListener@5528a42c, org.springframework.boot.test.autoconfigure.web.servlet.MockMvcPrintOnlyOnFailureTestExecutionListener@2a551a63, org.springframework.boot.test.autoconfigure.web.servlet.WebDriverTestExecutionListener@1a6f5124, org.springframework.boot.test.autoconfigure.webservices.client.MockWebServiceServerTestExecutionListener@1edb61b1, org.springframework.boot.test.mock.mockito.ResetMocksTestExecutionListener@ec2bf82]
19:29:51.934 [Test worker] DEBUG org.springframework.test.context.support.AbstractDirtiesContextTestExecutionListener - Before test class: context [DefaultTestContext@503d56b5 testClass = DoitApplicationTests, testInstance = [null], testMethod = [null], testException = [null], mergedContextConfiguration = [WebMergedContextConfiguration@72bca894 testClass = DoitApplicationTests, locations = '{}', classes = '{class com.todolist.doit.DoitApplication}', contextInitializerClasses = '[]', activeProfiles = '{}', propertySourceLocations = '{}', propertySourceProperties = '{org.springframework.boot.test.context.SpringBootTestContextBootstrapper=true}', contextCustomizers = set[org.springframework.boot.test.autoconfigure.actuate.metrics.MetricsExportContextCustomizerFactory$DisableMetricExportContextCustomizer@6da00fb9, org.springframework.boot.test.autoconfigure.properties.PropertyMappingContextCustomizer@0, org.springframework.boot.test.autoconfigure.web.servlet.WebDriverContextCustomizerFactory$Customizer@68b6f0d6, org.springframework.boot.test.context.filter.ExcludeFilterContextCustomizer@3b7ff809, org.springframework.boot.test.json.DuplicateJsonObjectContextCustomizerFactory$DuplicateJsonObjectContextCustomizer@4b20ca2b, org.springframework.boot.test.mock.mockito.MockitoContextCustomizer@0, org.springframework.boot.test.web.client.TestRestTemplateContextCustomizer@57fd91c9, org.springframework.boot.test.context.SpringBootTestArgs@1, org.springframework.boot.test.context.SpringBootTestWebEnvironment@18317edc], resourceBasePath = 'src/main/webapp', contextLoader = 'org.springframework.boot.test.context.SpringBootContextLoader', parent = [null]], attributes = map['org.springframework.test.context.web.ServletTestExecutionListener.activateListener' -> true]], class annotated with @DirtiesContext [false] with mode [null].

  .   ____          _            __ _ _
 /\\ / ___'_ __ _ _(_)_ __  __ _ \ \ \ \
( ( )\___ | '_ | '_| | '_ \/ _` | \ \ \ \
 \\/  ___)| |_)| | | | | || (_| |  ) ) ) )
  '  |____| .__|_| |_|_| |_\__, | / / / /
 =========|_|==============|___/=/_/_/_/
 :: Spring Boot ::               (v2.7.13)

2023-07-25 19:29:52.351  INFO 1126 --- [    Test worker] com.todolist.doit.DoitApplicationTests   : Starting DoitApplicationTests using Java 11.0.16.1 on byeonjeong-wan-ui-MacBookPro.local with PID 1126 (started by byeonjeong-wan in /Users/byeonjeong-wan/Desktop/doit)
2023-07-25 19:29:52.352  INFO 1126 --- [    Test worker] com.todolist.doit.DoitApplicationTests   : No active profile set, falling back to 1 default profile: "default"
2023-07-25 19:29:53.031  INFO 1126 --- [    Test worker] .s.d.r.c.RepositoryConfigurationDelegate : Bootstrapping Spring Data JPA repositories in DEFAULT mode.
2023-07-25 19:29:53.090  INFO 1126 --- [    Test worker] .s.d.r.c.RepositoryConfigurationDelegate : Finished Spring Data repository scanning in 47 ms. Found 1 JPA repository interfaces.
2023-07-25 19:29:53.682  INFO 1126 --- [    Test worker] o.hibernate.jpa.internal.util.LogHelper  : HHH000204: Processing PersistenceUnitInfo [name: default]
2023-07-25 19:29:53.750  INFO 1126 --- [    Test worker] org.hibernate.Version                    : HHH000412: Hibernate ORM core version 5.6.15.Final
2023-07-25 19:29:53.985  INFO 1126 --- [    Test worker] o.hibernate.annotations.common.Version   : HCANN000001: Hibernate Commons Annotations {5.1.2.Final}
2023-07-25 19:29:54.120  INFO 1126 --- [    Test worker] com.zaxxer.hikari.HikariDataSource       : HikariPool-1 - Starting...
2023-07-25 19:29:54.979  INFO 1126 --- [    Test worker] com.zaxxer.hikari.HikariDataSource       : HikariPool-1 - Start completed.
2023-07-25 19:29:55.021  INFO 1126 --- [    Test worker] org.hibernate.dialect.Dialect            : HHH000400: Using dialect: org.hibernate.dialect.MySQL8Dialect
2023-07-25 19:29:55.874  INFO 1126 --- [    Test worker] o.h.e.t.j.p.i.JtaPlatformInitiator       : HHH000490: Using JtaPlatform implementation: [org.hibernate.engine.transaction.jta.platform.internal.NoJtaPlatform]
2023-07-25 19:29:55.886  INFO 1126 --- [    Test worker] j.LocalContainerEntityManagerFactoryBean : Initialized JPA EntityManagerFactory for persistence unit 'default'
2023-07-25 19:29:56.658  WARN 1126 --- [    Test worker] JpaBaseConfiguration$JpaWebConfiguration : spring.jpa.open-in-view is enabled by default. Therefore, database queries may be performed during view rendering. Explicitly configure spring.jpa.open-in-view to disable this warning
2023-07-25 19:29:57.264  INFO 1126 --- [    Test worker] com.todolist.doit.DoitApplicationTests   : Started DoitApplicationTests in 5.264 seconds (JVM running for 6.665)
]]></system-out>
  <system-err><![CDATA[]]></system-err>
</testsuite>
